<?xml version="1.0" encoding="UTF-8"?>
<testsuite name="It is required to expose an API that receives the user's information and store it in the users table" tests="14" skipped="0" failures="0" errors="0" timestamp="2024-03-18T22:48:41" hostname="PSOFKA0441" time="19.191">
  <properties/>
  <testcase name="TST-001 The backend server of the automation rest consumes the user registration service in a happy path scenario: Happy path - 1user" classname="It is required to expose an API that receives the user's information and store it in the users table" time="11.993"/>
  <testcase name="TST-002 The backend server of the automation rest consumes the user registration service in a happy path scenario: Happy path - 1user" classname="It is required to expose an API that receives the user's information and store it in the users table" time="1.146"/>
  <testcase name="TST-003 The backend server of the automation rest consumes the user registration service in a happy path scenario: Happy path - 1user" classname="It is required to expose an API that receives the user's information and store it in the users table" time="0.745"/>
  <testcase name="TST-004 The backend server of the automation rest consumes the user registration service in a happy path scenario: Happy path - 1user" classname="It is required to expose an API that receives the user's information and store it in the users table" time="0.606"/>
  <testcase name="TST-005 The backend server of the automation rest consumes the user registration service in a happy path scenario: Happy path - 1user" classname="It is required to expose an API that receives the user's information and store it in the users table" time="0.538"/>
  <testcase name="TST-007 The backend server of the automation rest consumes the user registration service in a happy path scenario: Happy path - 1user" classname="It is required to expose an API that receives the user's information and store it in the users table" time="0.612"/>
  <testcase name="TST-008 The backend server of the automation rest consumes the user registration service in a happy path scenario: Happy path - 1user" classname="It is required to expose an API that receives the user's information and store it in the users table" time="0.546"/>
  <testcase name="TST-009 The backend server of the automation rest consumes the user registration service in a happy path scenario: Happy path - 1user" classname="It is required to expose an API that receives the user's information and store it in the users table" time="0.604"/>
  <testcase name="TST-010 The backend server of the automation rest consumes the user registration service in a happy path scenario: Happy path - 1user" classname="It is required to expose an API that receives the user's information and store it in the users table" time="0.547"/>
  <testcase name="TST-011 The backend server of the automation rest consumes the user registration service in a happy path scenario: Happy path - 1user" classname="It is required to expose an API that receives the user's information and store it in the users table" time="0.454"/>
  <testcase name="TST-012 The backend server of the automation rest consumes the user registration service in a happy path scenario: Happy path - 1user" classname="It is required to expose an API that receives the user's information and store it in the users table" time="0.326"/>
  <testcase name="TST-013 The backend server of the automation rest consumes the user registration service in a happy path scenario: Happy path - 1user" classname="It is required to expose an API that receives the user's information and store it in the users table" time="0.297"/>
  <testcase name="TST-014 The backend server of the automation rest consumes the user registration service in a happy path scenario: Happy path - 1user" classname="It is required to expose an API that receives the user's information and store it in the users table" time="0.347"/>
  <testcase name="TST-015 The backend server of the automation rest consumes the user registration service in a happy path scenario: Happy path - 1user" classname="It is required to expose an API that receives the user's information and store it in the users table" time="0.42"/>
  <system-out><![CDATA[
@EN0001-FE
Scenario Outline: TST-001 The backend server of the automation rest consumes the user registration service in a happy path scenario: Happy path - 1user ?[90m# src/test/resources/features/create_user.feature:35?[0m
17:48:41.815 [Test worker] DEBUG io.cucumber.core.plugin.SerenityReporter -- Running feature from file:///C:/PROGRAMACION/AutomationRestStarter/src/test/resources/features/create_user.feature
17:48:42.089 [Test worker] INFO  -- 
  _____   ___   ___   _____     ___   _____     _     ___   _____   ___   ___  
 |_   _| | __| / __| |_   _|   / __| |_   _|   /_\   | _ \ |_   _| | __| |   \ 
   | |   | _|  \__ \   | |     \__ \   | |    / _ \  |   /   | |   | _|  | |) |
   |_|   |___| |___/   |_|     |___/   |_|   /_/ \_\ |_|_\   |_|   |___| |___/ 

<testId> The backend server of the automation rest consumes the user registration service in a happy path scenario: <testDescription>(it-is-required-to-expose-an-api-that-receives-the-user-s-information-and-store-it-in-the-users-table;<testid>-the-backend-server-of-the-automation-rest-consumes-the-user-registration-service-in-a-happy-path-scenario:-<testdescription>)
--------------------------------------------------------------------------------
17:48:43.426 [Test worker] DEBUG net.thucydides.core.steps.StepInterceptor -- STARTING STEP: StepInterceptor.testContext - performAs
17:48:44.096 [Test worker] DEBUG net.thucydides.core.steps.StepInterceptor -- STARTING STEP: StepInterceptor.testContext - {0} executes a POST on the resource #resource
17:48:50.723 [Test worker] DEBUG net.thucydides.core.steps.StepInterceptor -- STEP DONE: {0} executes a POST on the resource #resource
17:48:50.772 [Test worker] DEBUG net.thucydides.core.steps.StepInterceptor -- STEP DONE: performAs
  ?[32mWhen ?[0m?[32mthe backend server calls the microservice to register an user with the data?[0m                                                                      ?[90m# com.co.starter.test.stepdefinitions.CreateUserStepDefinition.theUserCallTheServiceWithTheData(com.co.starter.test.models.datatables.user.CreateUserDataTable)?[0m
    | firstName | lastName | email | telephone | address | city |
    | 1         | OK       | OK    | OK        | OK      | OK   |
17:48:50.869 [Test worker] DEBUG net.thucydides.core.steps.StepInterceptor -- STARTING STEP: StepInterceptor.testContext - performAs
17:48:53.508 [Test worker] DEBUG net.thucydides.core.steps.StepInterceptor -- STEP DONE: performAs
  ?[32mThen ?[0m?[32mthe response data is validated?[0m                                                                                                                   ?[90m# com.co.starter.test.stepdefinitions.CreateUserStepDefinition.theResponseDataIsValidated(com.co.starter.test.models.datatables.user.CreateUserDataTable)?[0m
    | firstName | lastName | email | telephone | address | city | codeResponse | description                                              | type  |
    | 1         | OK       | OK    | OK        | OK      | OK   | 400          | Nombre invÃ¡lido, solo se permiten caracteres alfabÃ©ticos | ERROR |
17:48:53.606 [Test worker] INFO  -- 
  _____   ___   ___   _____     ___     _     ___   ___   ___   ___  
 |_   _| | __| / __| |_   _|   | _ \   /_\   / __| / __| | __| |   \ 
   | |   | _|  \__ \   | |     |  _/  / _ \  \__ \ \__ \ | _|  | |) |
   |_|   |___| |___/   |_|     |_|   /_/ \_\ |___/ |___/ |___| |___/ 

<testId> The backend server of the automation rest consumes the user registration service in a happy path scenario
----------------------------------------------------------------------

@EN0001-FE
Scenario Outline: TST-002 The backend server of the automation rest consumes the user registration service in a happy path scenario: Happy path - 1user ?[90m# src/test/resources/features/create_user.feature:36?[0m
17:48:53.657 [Test worker] DEBUG io.cucumber.core.plugin.SerenityReporter -- Running feature from file:///C:/PROGRAMACION/AutomationRestStarter/src/test/resources/features/create_user.feature
17:48:53.759 [Test worker] DEBUG net.thucydides.core.steps.StepInterceptor -- STARTING STEP: StepInterceptor.testContext - performAs
17:48:54.080 [Test worker] DEBUG net.thucydides.core.steps.StepInterceptor -- STARTING STEP: StepInterceptor.testContext - {0} executes a POST on the resource #resource
17:48:54.294 [Test worker] DEBUG net.thucydides.core.steps.StepInterceptor -- STEP DONE: {0} executes a POST on the resource #resource
17:48:54.317 [Test worker] DEBUG net.thucydides.core.steps.StepInterceptor -- STEP DONE: performAs
  ?[32mWhen ?[0m?[32mthe backend server calls the microservice to register an user with the data?[0m                                                                      ?[90m# com.co.starter.test.stepdefinitions.CreateUserStepDefinition.theUserCallTheServiceWithTheData(com.co.starter.test.models.datatables.user.CreateUserDataTable)?[0m
    | firstName | lastName | email | telephone | address | city |
    | empty     | OK       | OK    | OK        | OK      | OK   |
17:48:54.371 [Test worker] DEBUG net.thucydides.core.steps.StepInterceptor -- STARTING STEP: StepInterceptor.testContext - performAs
17:48:54.638 [Test worker] DEBUG net.thucydides.core.steps.StepInterceptor -- STEP DONE: performAs
  ?[32mThen ?[0m?[32mthe response data is validated?[0m                                                                                                                   ?[90m# com.co.starter.test.stepdefinitions.CreateUserStepDefinition.theResponseDataIsValidated(com.co.starter.test.models.datatables.user.CreateUserDataTable)?[0m
    | firstName | lastName | email | telephone | address | city | codeResponse | description                                              | type  |
    | empty     | OK       | OK    | OK        | OK      | OK   | 400          | Nombre invÃ¡lido, solo se permiten caracteres alfabÃ©ticos | ERROR |
17:48:54.709 [Test worker] INFO  -- 
  _____   ___   ___   _____     ___     _     ___   ___   ___   ___  
 |_   _| | __| / __| |_   _|   | _ \   /_\   / __| / __| | __| |   \ 
   | |   | _|  \__ \   | |     |  _/  / _ \  \__ \ \__ \ | _|  | |) |
   |_|   |___| |___/   |_|     |_|   /_/ \_\ |___/ |___/ |___| |___/ 

<testId> The backend server of the automation rest consumes the user registration service in a happy path scenario
----------------------------------------------------------------------

@EN0001-FE
Scenario Outline: TST-003 The backend server of the automation rest consumes the user registration service in a happy path scenario: Happy path - 1user ?[90m# src/test/resources/features/create_user.feature:37?[0m
17:48:54.810 [Test worker] DEBUG io.cucumber.core.plugin.SerenityReporter -- Running feature from file:///C:/PROGRAMACION/AutomationRestStarter/src/test/resources/features/create_user.feature
17:48:54.847 [Test worker] DEBUG net.thucydides.core.steps.StepInterceptor -- STARTING STEP: StepInterceptor.testContext - performAs
17:48:55.016 [Test worker] DEBUG net.thucydides.core.steps.StepInterceptor -- STARTING STEP: StepInterceptor.testContext - {0} executes a POST on the resource #resource
17:48:55.137 [Test worker] DEBUG net.thucydides.core.steps.StepInterceptor -- STEP DONE: {0} executes a POST on the resource #resource
17:48:55.159 [Test worker] DEBUG net.thucydides.core.steps.StepInterceptor -- STEP DONE: performAs
  ?[32mWhen ?[0m?[32mthe backend server calls the microservice to register an user with the data?[0m                                                                      ?[90m# com.co.starter.test.stepdefinitions.CreateUserStepDefinition.theUserCallTheServiceWithTheData(com.co.starter.test.models.datatables.user.CreateUserDataTable)?[0m
    | firstName | lastName | email | telephone | address | city |
    | null      | OK       | OK    | OK        | OK      | OK   |
17:48:55.207 [Test worker] DEBUG net.thucydides.core.steps.StepInterceptor -- STARTING STEP: StepInterceptor.testContext - performAs
17:48:55.454 [Test worker] DEBUG net.thucydides.core.steps.StepInterceptor -- STEP DONE: performAs
  ?[32mThen ?[0m?[32mthe response data is validated?[0m                                                                                                                   ?[90m# com.co.starter.test.stepdefinitions.CreateUserStepDefinition.theResponseDataIsValidated(com.co.starter.test.models.datatables.user.CreateUserDataTable)?[0m
    | firstName | lastName | email | telephone | address | city | codeResponse | description                                   | type  |
    | null      | OK       | OK    | OK        | OK      | OK   | 400          | El campo 'firstName' no puede estar en blanco | ERROR |

@EN0001-FE
Scenario Outline: TST-004 The backend server of the automation rest consumes the user registration service in a happy path scenario: Happy path - 1user ?[90m# src/test/resources/features/create_user.feature:38?[0m
17:48:55.584 [Test worker] DEBUG io.cucumber.core.plugin.SerenityReporter -- Running feature from file:///C:/PROGRAMACION/AutomationRestStarter/src/test/resources/features/create_user.feature
17:48:55.613 [Test worker] DEBUG net.thucydides.core.steps.StepInterceptor -- STARTING STEP: StepInterceptor.testContext - performAs
17:48:55.726 [Test worker] DEBUG net.thucydides.core.steps.StepInterceptor -- STARTING STEP: StepInterceptor.testContext - {0} executes a POST on the resource #resource
17:48:55.843 [Test worker] DEBUG net.thucydides.core.steps.StepInterceptor -- STEP DONE: {0} executes a POST on the resource #resource
17:48:55.862 [Test worker] DEBUG net.thucydides.core.steps.StepInterceptor -- STEP DONE: performAs
  ?[32mWhen ?[0m?[32mthe backend server calls the microservice to register an user with the data?[0m                                                                      ?[90m# com.co.starter.test.stepdefinitions.CreateUserStepDefinition.theUserCallTheServiceWithTheData(com.co.starter.test.models.datatables.user.CreateUserDataTable)?[0m
    | firstName | lastName | email | telephone | address | city |
    | OK        | 1        | OK    | OK        | OK      | OK   |
17:48:55.898 [Test worker] DEBUG net.thucydides.core.steps.StepInterceptor -- STARTING STEP: StepInterceptor.testContext - performAs
17:48:56.077 [Test worker] DEBUG net.thucydides.core.steps.StepInterceptor -- STEP DONE: performAs
  ?[32mThen ?[0m?[32mthe response data is validated?[0m                                                                                                                   ?[90m# com.co.starter.test.stepdefinitions.CreateUserStepDefinition.theResponseDataIsValidated(com.co.starter.test.models.datatables.user.CreateUserDataTable)?[0m
    | firstName | lastName | email | telephone | address | city | codeResponse | description                                                | type  |
    | OK        | 1        | OK    | OK        | OK      | OK   | 400          | Apellido invÃ¡lido, solo se permiten caracteres alfabÃ©ticos | ERROR |

@EN0001-FE
Scenario Outline: TST-005 The backend server of the automation rest consumes the user registration service in a happy path scenario: Happy path - 1user ?[90m# src/test/resources/features/create_user.feature:39?[0m
17:48:56.161 [Test worker] DEBUG io.cucumber.core.plugin.SerenityReporter -- Running feature from file:///C:/PROGRAMACION/AutomationRestStarter/src/test/resources/features/create_user.feature
17:48:56.187 [Test worker] DEBUG net.thucydides.core.steps.StepInterceptor -- STARTING STEP: StepInterceptor.testContext - performAs
17:48:56.281 [Test worker] DEBUG net.thucydides.core.steps.StepInterceptor -- STARTING STEP: StepInterceptor.testContext - {0} executes a POST on the resource #resource
17:48:56.373 [Test worker] DEBUG net.thucydides.core.steps.StepInterceptor -- STEP DONE: {0} executes a POST on the resource #resource
17:48:56.403 [Test worker] DEBUG net.thucydides.core.steps.StepInterceptor -- STEP DONE: performAs
  ?[32mWhen ?[0m?[32mthe backend server calls the microservice to register an user with the data?[0m                                                                      ?[90m# com.co.starter.test.stepdefinitions.CreateUserStepDefinition.theUserCallTheServiceWithTheData(com.co.starter.test.models.datatables.user.CreateUserDataTable)?[0m
    | firstName | lastName | email | telephone | address | city |
    | OK        | empty    | OK    | OK        | OK      | OK   |
17:48:56.440 [Test worker] DEBUG net.thucydides.core.steps.StepInterceptor -- STARTING STEP: StepInterceptor.testContext - performAs
17:48:56.629 [Test worker] DEBUG net.thucydides.core.steps.StepInterceptor -- STEP DONE: performAs
  ?[32mThen ?[0m?[32mthe response data is validated?[0m                                                                                                                   ?[90m# com.co.starter.test.stepdefinitions.CreateUserStepDefinition.theResponseDataIsValidated(com.co.starter.test.models.datatables.user.CreateUserDataTable)?[0m
    | firstName | lastName | email | telephone | address | city | codeResponse | description                                                | type  |
    | OK        | empty    | OK    | OK        | OK      | OK   | 400          | Apellido invÃ¡lido, solo se permiten caracteres alfabÃ©ticos | ERROR |

@EN0001-FE
Scenario Outline: TST-007 The backend server of the automation rest consumes the user registration service in a happy path scenario: Happy path - 1user ?[90m# src/test/resources/features/create_user.feature:40?[0m
17:48:56.700 [Test worker] DEBUG io.cucumber.core.plugin.SerenityReporter -- Running feature from file:///C:/PROGRAMACION/AutomationRestStarter/src/test/resources/features/create_user.feature
17:48:56.736 [Test worker] DEBUG net.thucydides.core.steps.StepInterceptor -- STARTING STEP: StepInterceptor.testContext - performAs
17:48:56.837 [Test worker] DEBUG net.thucydides.core.steps.StepInterceptor -- STARTING STEP: StepInterceptor.testContext - {0} executes a POST on the resource #resource
17:48:56.941 [Test worker] DEBUG net.thucydides.core.steps.StepInterceptor -- STEP DONE: {0} executes a POST on the resource #resource
17:48:56.966 [Test worker] DEBUG net.thucydides.core.steps.StepInterceptor -- STEP DONE: performAs
  ?[32mWhen ?[0m?[32mthe backend server calls the microservice to register an user with the data?[0m                                                                      ?[90m# com.co.starter.test.stepdefinitions.CreateUserStepDefinition.theUserCallTheServiceWithTheData(com.co.starter.test.models.datatables.user.CreateUserDataTable)?[0m
    | firstName | lastName | email | telephone | address | city |
    | OK        | null     | OK    | OK        | OK      | OK   |
17:48:57.003 [Test worker] DEBUG net.thucydides.core.steps.StepInterceptor -- STARTING STEP: StepInterceptor.testContext - performAs
17:48:57.223 [Test worker] DEBUG net.thucydides.core.steps.StepInterceptor -- STEP DONE: performAs
  ?[32mThen ?[0m?[32mthe response data is validated?[0m                                                                                                                   ?[90m# com.co.starter.test.stepdefinitions.CreateUserStepDefinition.theResponseDataIsValidated(com.co.starter.test.models.datatables.user.CreateUserDataTable)?[0m
    | firstName | lastName | email | telephone | address | city | codeResponse | description                                  | type  |
    | OK        | null     | OK    | OK        | OK      | OK   | 400          | El campo 'lastName' no puede estar en blanco | ERROR |

@EN0001-FE
Scenario Outline: TST-008 The backend server of the automation rest consumes the user registration service in a happy path scenario: Happy path - 1user ?[90m# src/test/resources/features/create_user.feature:41?[0m
17:48:57.315 [Test worker] DEBUG io.cucumber.core.plugin.SerenityReporter -- Running feature from file:///C:/PROGRAMACION/AutomationRestStarter/src/test/resources/features/create_user.feature
17:48:57.345 [Test worker] DEBUG net.thucydides.core.steps.StepInterceptor -- STARTING STEP: StepInterceptor.testContext - performAs
17:48:57.442 [Test worker] DEBUG net.thucydides.core.steps.StepInterceptor -- STARTING STEP: StepInterceptor.testContext - {0} executes a POST on the resource #resource
17:48:57.523 [Test worker] DEBUG net.thucydides.core.steps.StepInterceptor -- STEP DONE: {0} executes a POST on the resource #resource
17:48:57.552 [Test worker] DEBUG net.thucydides.core.steps.StepInterceptor -- STEP DONE: performAs
  ?[32mWhen ?[0m?[32mthe backend server calls the microservice to register an user with the data?[0m                                                                      ?[90m# com.co.starter.test.stepdefinitions.CreateUserStepDefinition.theUserCallTheServiceWithTheData(com.co.starter.test.models.datatables.user.CreateUserDataTable)?[0m
    | firstName | lastName | email         | telephone | address | city |
    | OK        | OK       | juangmail.com | OK        | OK      | OK   |
17:48:57.602 [Test worker] DEBUG net.thucydides.core.steps.StepInterceptor -- STARTING STEP: StepInterceptor.testContext - performAs
17:48:57.793 [Test worker] DEBUG net.thucydides.core.steps.StepInterceptor -- STEP DONE: performAs
  ?[32mThen ?[0m?[32mthe response data is validated?[0m                                                                                                                   ?[90m# com.co.starter.test.stepdefinitions.CreateUserStepDefinition.theResponseDataIsValidated(com.co.starter.test.models.datatables.user.CreateUserDataTable)?[0m
    | firstName | lastName | email         | telephone | address | city | codeResponse | description                                                          | type  |
    | OK        | OK       | juangmail.com | OK        | OK      | OK   | 400          | El campo 'email' debe ser una direcciÃ³n de correo electrÃ³nico vÃ¡lida | ERROR |

@EN0001-FE
Scenario Outline: TST-009 The backend server of the automation rest consumes the user registration service in a happy path scenario: Happy path - 1user ?[90m# src/test/resources/features/create_user.feature:42?[0m
17:48:57.855 [Test worker] DEBUG io.cucumber.core.plugin.SerenityReporter -- Running feature from file:///C:/PROGRAMACION/AutomationRestStarter/src/test/resources/features/create_user.feature
17:48:57.876 [Test worker] DEBUG net.thucydides.core.steps.StepInterceptor -- STARTING STEP: StepInterceptor.testContext - performAs
17:48:57.959 [Test worker] DEBUG net.thucydides.core.steps.StepInterceptor -- STARTING STEP: StepInterceptor.testContext - {0} executes a POST on the resource #resource
17:48:58.045 [Test worker] DEBUG net.thucydides.core.steps.StepInterceptor -- STEP DONE: {0} executes a POST on the resource #resource
17:48:58.067 [Test worker] DEBUG net.thucydides.core.steps.StepInterceptor -- STEP DONE: performAs
  ?[32mWhen ?[0m?[32mthe backend server calls the microservice to register an user with the data?[0m                                                                      ?[90m# com.co.starter.test.stepdefinitions.CreateUserStepDefinition.theUserCallTheServiceWithTheData(com.co.starter.test.models.datatables.user.CreateUserDataTable)?[0m
    | firstName | lastName | email | telephone | address | city |
    | OK        | OK       | OK    | telefono  | OK      | OK   |
17:48:58.108 [Test worker] DEBUG net.thucydides.core.steps.StepInterceptor -- STARTING STEP: StepInterceptor.testContext - performAs
17:48:58.391 [Test worker] DEBUG net.thucydides.core.steps.StepInterceptor -- STEP DONE: performAs
  ?[32mThen ?[0m?[32mthe response data is validated?[0m                                                                                                                   ?[90m# com.co.starter.test.stepdefinitions.CreateUserStepDefinition.theResponseDataIsValidated(com.co.starter.test.models.datatables.user.CreateUserDataTable)?[0m
    | firstName | lastName | email | telephone | address | city | codeResponse | description                       | type  |
    | OK        | OK       | OK    | telefono  | OK      | OK   | 400          | El campo 'telephone' no es vÃ¡lido | ERROR |

@EN0001-FE
Scenario Outline: TST-010 The backend server of the automation rest consumes the user registration service in a happy path scenario: Happy path - 1user ?[90m# src/test/resources/features/create_user.feature:43?[0m
17:48:58.460 [Test worker] DEBUG io.cucumber.core.plugin.SerenityReporter -- Running feature from file:///C:/PROGRAMACION/AutomationRestStarter/src/test/resources/features/create_user.feature
17:48:58.487 [Test worker] DEBUG net.thucydides.core.steps.StepInterceptor -- STARTING STEP: StepInterceptor.testContext - performAs
17:48:58.595 [Test worker] DEBUG net.thucydides.core.steps.StepInterceptor -- STARTING STEP: StepInterceptor.testContext - {0} executes a POST on the resource #resource
17:48:58.680 [Test worker] DEBUG net.thucydides.core.steps.StepInterceptor -- STEP DONE: {0} executes a POST on the resource #resource
17:48:58.705 [Test worker] DEBUG net.thucydides.core.steps.StepInterceptor -- STEP DONE: performAs
  ?[32mWhen ?[0m?[32mthe backend server calls the microservice to register an user with the data?[0m                                                                      ?[90m# com.co.starter.test.stepdefinitions.CreateUserStepDefinition.theUserCallTheServiceWithTheData(com.co.starter.test.models.datatables.user.CreateUserDataTable)?[0m
    | firstName | lastName | email | telephone | address | city |
    | OK        | OK       | OK    | empty     | OK      | OK   |
17:48:58.763 [Test worker] DEBUG net.thucydides.core.steps.StepInterceptor -- STARTING STEP: StepInterceptor.testContext - performAs
17:48:58.941 [Test worker] DEBUG net.thucydides.core.steps.StepInterceptor -- STEP DONE: performAs
  ?[32mThen ?[0m?[32mthe response data is validated?[0m                                                                                                                   ?[90m# com.co.starter.test.stepdefinitions.CreateUserStepDefinition.theResponseDataIsValidated(com.co.starter.test.models.datatables.user.CreateUserDataTable)?[0m
    | firstName | lastName | email | telephone | address | city | codeResponse | description                       | type  |
    | OK        | OK       | OK    | empty     | OK      | OK   | 400          | El campo 'telephone' no es vÃ¡lido | ERROR |

@EN0001-FE
Scenario Outline: TST-011 The backend server of the automation rest consumes the user registration service in a happy path scenario: Happy path - 1user ?[90m# src/test/resources/features/create_user.feature:44?[0m
17:48:59.009 [Test worker] DEBUG io.cucumber.core.plugin.SerenityReporter -- Running feature from file:///C:/PROGRAMACION/AutomationRestStarter/src/test/resources/features/create_user.feature
17:48:59.035 [Test worker] DEBUG net.thucydides.core.steps.StepInterceptor -- STARTING STEP: StepInterceptor.testContext - performAs
17:48:59.120 [Test worker] DEBUG net.thucydides.core.steps.StepInterceptor -- STARTING STEP: StepInterceptor.testContext - {0} executes a POST on the resource #resource
17:48:59.249 [Test worker] DEBUG net.thucydides.core.steps.StepInterceptor -- STEP DONE: {0} executes a POST on the resource #resource
17:48:59.265 [Test worker] DEBUG net.thucydides.core.steps.StepInterceptor -- STEP DONE: performAs
  ?[32mWhen ?[0m?[32mthe backend server calls the microservice to register an user with the data?[0m                                                                      ?[90m# com.co.starter.test.stepdefinitions.CreateUserStepDefinition.theUserCallTheServiceWithTheData(com.co.starter.test.models.datatables.user.CreateUserDataTable)?[0m
    | firstName | lastName | email | telephone | address | city |
    | OK        | OK       | OK    | null      | OK      | OK   |
17:48:59.291 [Test worker] DEBUG net.thucydides.core.steps.StepInterceptor -- STARTING STEP: StepInterceptor.testContext - performAs
17:48:59.411 [Test worker] DEBUG net.thucydides.core.steps.StepInterceptor -- STEP DONE: performAs
  ?[32mThen ?[0m?[32mthe response data is validated?[0m                                                                                                                   ?[90m# com.co.starter.test.stepdefinitions.CreateUserStepDefinition.theResponseDataIsValidated(com.co.starter.test.models.datatables.user.CreateUserDataTable)?[0m
    | firstName | lastName | email | telephone | address | city | codeResponse | description                                   | type  |
    | OK        | OK       | OK    | null      | OK      | OK   | 400          | El campo 'telephone' no puede estar en blanco | ERROR |

@EN0001-FE
Scenario Outline: TST-012 The backend server of the automation rest consumes the user registration service in a happy path scenario: Happy path - 1user ?[90m# src/test/resources/features/create_user.feature:45?[0m
17:48:59.462 [Test worker] DEBUG io.cucumber.core.plugin.SerenityReporter -- Running feature from file:///C:/PROGRAMACION/AutomationRestStarter/src/test/resources/features/create_user.feature
17:48:59.493 [Test worker] DEBUG net.thucydides.core.steps.StepInterceptor -- STARTING STEP: StepInterceptor.testContext - performAs
17:48:59.550 [Test worker] DEBUG net.thucydides.core.steps.StepInterceptor -- STARTING STEP: StepInterceptor.testContext - {0} executes a POST on the resource #resource
17:48:59.599 [Test worker] DEBUG net.thucydides.core.steps.StepInterceptor -- STEP DONE: {0} executes a POST on the resource #resource
17:48:59.612 [Test worker] DEBUG net.thucydides.core.steps.StepInterceptor -- STEP DONE: performAs
  ?[32mWhen ?[0m?[32mthe backend server calls the microservice to register an user with the data?[0m                                                                      ?[90m# com.co.starter.test.stepdefinitions.CreateUserStepDefinition.theUserCallTheServiceWithTheData(com.co.starter.test.models.datatables.user.CreateUserDataTable)?[0m
    | firstName | lastName | email | telephone | address | city |
    | OK        | OK       | OK    | OK        | empty   | OK   |
17:48:59.639 [Test worker] DEBUG net.thucydides.core.steps.StepInterceptor -- STARTING STEP: StepInterceptor.testContext - performAs
17:48:59.746 [Test worker] DEBUG net.thucydides.core.steps.StepInterceptor -- STEP DONE: performAs
  ?[32mThen ?[0m?[32mthe response data is validated?[0m                                                                                                                   ?[90m# com.co.starter.test.stepdefinitions.CreateUserStepDefinition.theResponseDataIsValidated(com.co.starter.test.models.datatables.user.CreateUserDataTable)?[0m
    | firstName | lastName | email | telephone | address | city | codeResponse | description                                 | type  |
    | OK        | OK       | OK    | OK        | empty   | OK   | 400          | El campo 'address' no puede estar en blanco | ERROR |

@EN0001-FE
Scenario Outline: TST-013 The backend server of the automation rest consumes the user registration service in a happy path scenario: Happy path - 1user ?[90m# src/test/resources/features/create_user.feature:46?[0m
17:48:59.786 [Test worker] DEBUG io.cucumber.core.plugin.SerenityReporter -- Running feature from file:///C:/PROGRAMACION/AutomationRestStarter/src/test/resources/features/create_user.feature
17:48:59.802 [Test worker] DEBUG net.thucydides.core.steps.StepInterceptor -- STARTING STEP: StepInterceptor.testContext - performAs
17:48:59.853 [Test worker] DEBUG net.thucydides.core.steps.StepInterceptor -- STARTING STEP: StepInterceptor.testContext - {0} executes a POST on the resource #resource
17:48:59.907 [Test worker] DEBUG net.thucydides.core.steps.StepInterceptor -- STEP DONE: {0} executes a POST on the resource #resource
17:48:59.919 [Test worker] DEBUG net.thucydides.core.steps.StepInterceptor -- STEP DONE: performAs
  ?[32mWhen ?[0m?[32mthe backend server calls the microservice to register an user with the data?[0m                                                                      ?[90m# com.co.starter.test.stepdefinitions.CreateUserStepDefinition.theUserCallTheServiceWithTheData(com.co.starter.test.models.datatables.user.CreateUserDataTable)?[0m
    | firstName | lastName | email | telephone | address | city |
    | OK        | OK       | OK    | OK        | null    | OK   |
17:48:59.942 [Test worker] DEBUG net.thucydides.core.steps.StepInterceptor -- STARTING STEP: StepInterceptor.testContext - performAs
17:49:00.049 [Test worker] DEBUG net.thucydides.core.steps.StepInterceptor -- STEP DONE: performAs
  ?[32mThen ?[0m?[32mthe response data is validated?[0m                                                                                                                   ?[90m# com.co.starter.test.stepdefinitions.CreateUserStepDefinition.theResponseDataIsValidated(com.co.starter.test.models.datatables.user.CreateUserDataTable)?[0m
    | firstName | lastName | email | telephone | address | city | codeResponse | description                                 | type  |
    | OK        | OK       | OK    | OK        | null    | OK   | 400          | El campo 'address' no puede estar en blanco | ERROR |

@EN0001-FE
Scenario Outline: TST-014 The backend server of the automation rest consumes the user registration service in a happy path scenario: Happy path - 1user ?[90m# src/test/resources/features/create_user.feature:47?[0m
17:49:00.084 [Test worker] DEBUG io.cucumber.core.plugin.SerenityReporter -- Running feature from file:///C:/PROGRAMACION/AutomationRestStarter/src/test/resources/features/create_user.feature
17:49:00.096 [Test worker] DEBUG net.thucydides.core.steps.StepInterceptor -- STARTING STEP: StepInterceptor.testContext - performAs
17:49:00.154 [Test worker] DEBUG net.thucydides.core.steps.StepInterceptor -- STARTING STEP: StepInterceptor.testContext - {0} executes a POST on the resource #resource
17:49:00.218 [Test worker] DEBUG net.thucydides.core.steps.StepInterceptor -- STEP DONE: {0} executes a POST on the resource #resource
17:49:00.244 [Test worker] DEBUG net.thucydides.core.steps.StepInterceptor -- STEP DONE: performAs
  ?[32mWhen ?[0m?[32mthe backend server calls the microservice to register an user with the data?[0m                                                                      ?[90m# com.co.starter.test.stepdefinitions.CreateUserStepDefinition.theUserCallTheServiceWithTheData(com.co.starter.test.models.datatables.user.CreateUserDataTable)?[0m
    | firstName | lastName | email | telephone | address | city  |
    | OK        | OK       | OK    | OK        | OK      | empty |
17:49:00.274 [Test worker] DEBUG net.thucydides.core.steps.StepInterceptor -- STARTING STEP: StepInterceptor.testContext - performAs
17:49:00.388 [Test worker] DEBUG net.thucydides.core.steps.StepInterceptor -- STEP DONE: performAs
  ?[32mThen ?[0m?[32mthe response data is validated?[0m                                                                                                                   ?[90m# com.co.starter.test.stepdefinitions.CreateUserStepDefinition.theResponseDataIsValidated(com.co.starter.test.models.datatables.user.CreateUserDataTable)?[0m
    | firstName | lastName | email | telephone | address | city  | codeResponse | description                              | type  |
    | OK        | OK       | OK    | OK        | OK      | empty | 400          | El campo 'city' no puede estar en blanco | ERROR |

@EN0001-FE
Scenario Outline: TST-015 The backend server of the automation rest consumes the user registration service in a happy path scenario: Happy path - 1user ?[90m# src/test/resources/features/create_user.feature:48?[0m
17:49:00.434 [Test worker] DEBUG io.cucumber.core.plugin.SerenityReporter -- Running feature from file:///C:/PROGRAMACION/AutomationRestStarter/src/test/resources/features/create_user.feature
17:49:00.463 [Test worker] DEBUG net.thucydides.core.steps.StepInterceptor -- STARTING STEP: StepInterceptor.testContext - performAs
17:49:00.536 [Test worker] DEBUG net.thucydides.core.steps.StepInterceptor -- STARTING STEP: StepInterceptor.testContext - {0} executes a POST on the resource #resource
17:49:00.605 [Test worker] DEBUG net.thucydides.core.steps.StepInterceptor -- STEP DONE: {0} executes a POST on the resource #resource
17:49:00.617 [Test worker] DEBUG net.thucydides.core.steps.StepInterceptor -- STEP DONE: performAs
  ?[32mWhen ?[0m?[32mthe backend server calls the microservice to register an user with the data?[0m                                                                      ?[90m# com.co.starter.test.stepdefinitions.CreateUserStepDefinition.theUserCallTheServiceWithTheData(com.co.starter.test.models.datatables.user.CreateUserDataTable)?[0m
    | firstName | lastName | email | telephone | address | city |
    | OK        | OK       | OK    | OK        | OK      | null |
17:49:00.642 [Test worker] DEBUG net.thucydides.core.steps.StepInterceptor -- STARTING STEP: StepInterceptor.testContext - performAs
17:49:00.794 [Test worker] DEBUG net.thucydides.core.steps.StepInterceptor -- STEP DONE: performAs
  ?[32mThen ?[0m?[32mthe response data is validated?[0m                                                                                                                   ?[90m# com.co.starter.test.stepdefinitions.CreateUserStepDefinition.theResponseDataIsValidated(com.co.starter.test.models.datatables.user.CreateUserDataTable)?[0m
    | firstName | lastName | email | telephone | address | city | codeResponse | description                              | type  |
    | OK        | OK       | OK    | OK        | OK      | null | 400          | El campo 'city' no puede estar en blanco | ERROR |
]]></system-out>
  <system-err><![CDATA[]]></system-err>
</testsuite>
